# 
# ===============================================================================
#                               Allegro PCB Router                               
# Copyright 1990-2010 Cadence Design Systems, Inc.  All Rights Reserved.
# ===============================================================================
# 
# Software licensed for sale by Cadence Design Systems, Inc.
# Current time = Sun Apr 04 13:04:12 2021
# 
# Allegro PCB Router v17-4-0 made 2020/07/15 at 12:48:59
# Running on: gigatabx, OS Version: WindowsNT 6.2.9200, Architecture: Intel Pentium II, III, or 4
# Licensing: The program will not obey any unlicensed rules
# No graphics will be displayed.
# Design Name c:/users/grona/documents/tmacontrol-cclient/hardware/allegro\tmacontrol.dsn
# Batch File Name: pasde.do
# Did File Name: c:/users/grona/documents/tmacontrol-cclient/hardware/allegro/specctra.did
# Current time = Sun Apr 04 13:04:12 2021
# PCB c:/users/grona/documents/tmacontrol-cclient/hardware/allegro
# Master Unit set up as: MM 100000
# PCB Limits xlo=108.7600 ylo= 90.0800 xhi=174.7600 yhi=134.0800
# Total 1 Images Consolidated.
# Via VIA z=1, 2 xlo= -0.3048 ylo= -0.3048 xhi=  0.3048 yhi=  0.3048
# 
#    VIA     TOP  BOTTOM
# 
#    TOP  ------   VIA  
# BOTTOM   VIA    ------
# 
# Wires Processed 31, Vias Processed 2
# Using colormap in design file.
# Layers Processed: Signal Layers 2
# Components Placed 6, Images Processed 11, Padstacks Processed 9
# Nets Processed 9, Net Terminals 30
# PCB Area= 2400.000  EIC=3  Area/EIC=800.000  SMDs=0
# Total Pin Count: 54
# Signal Connections Created 0
# 
# Design Rules --------------------------------------------
# Via Grid 0.0001 with offset 0.0000
# Layer TOP Horz Signal Wire Grid 0.0001 with offset 0.0000, Width= 0.5000, Clearance= 0.1270
# Layer BOTTOM Vert Signal Wire Grid 0.0001 with offset 0.0000, Width= 0.5000, Clearance= 0.1270
# Cpu Time = 0:00:00  Elapsed Time = 0:00:00
# 
# Wiring Statistics ----------------- c:/users/grona/documents/tmacontrol-cclient/hardware/allegro\tmacontrol.dsn
# Nets 9 Connections 19 Unroutes 0
# Signal Layers 2 Power Layers 0
# Wire Junctions 10, at vias 0 Total Vias 2
# Percent Connected  100.00
# Manhattan Length 321.9030 Horizontal 198.2933 Vertical 123.6097
# Routed Length 334.0270 Horizontal 190.6690 Vertical 143.3580
# Ratio Actual / Manhattan   1.0377
# Unconnected Length   0.0000 Horizontal   0.0000 Vertical   0.0000
# Total Conflicts: 0 (Cross: 0, Clear: 0, Xtalk: 0, Length: 0, Polygon Clear: 0 )
# Cpu Time = 0:00:00  Elapsed Time = 0:00:00
# Loading Do File pasde.do ...
# Loading Do File c:/users/grona/documents/tmacontrol-cclient/hardware/allegro\tmacontrol_rules.do ...
# Colormap Written to File _notify.std
# Enter command <# Loading Do File C:/Users/grona/AppData/Local/Temp/#Taaaabx05688.tmp ...
# All Components Unselected.
# All Nets Unselected.
set route_diagonal 0
grid wire 0.000100 (direction x) (offset 0.000000)
grid wire 0.000100 (direction y) (offset 0.000000)
grid via 0.000100 (direction x) (offset 0.000000)
grid via 0.000100 (direction y) (offset 0.000000)
protect all wires
# All Wires Protected.
direction TOP horizontal
unselect layer TOP
# <<WARNING:>> IRoute: Interactive layer(s) disabled for autorouting: TOP
unprotect layer_wires TOP
# Wires on layer TOP were Unprotected.
direction BOTTOM orthogonal
select layer BOTTOM
unprotect layer_wires BOTTOM
# Wires on layer BOTTOM were Unprotected.
cost via -1
# System default cost will be used.
set turbo_stagger off
limit outside -1
rule pcb (patterns_allowed  trombone accordion)
set pattern_stacking on
rule pcb (sawtooth_amplitude -1 -1)
rule pcb (sawtooth_gap -1)
rule pcb (accordion_amplitude -1 -1)
rule pcb (accordion_gap -1)
rule pcb (trombone_run_length -1)
rule pcb (trombone_gap -1)
unprotect selected
# All Selected Wires Unprotected.
route 25 1
# Command route detected pcb layer rule(s), mcm via rule(s), which require the RouteADV license feature.
# All unlicensed rules are being ignored.
# Command route will ignore pcb layer rule(s), mcm via rule(s)
# Current time = Sun Apr 04 13:04:19 2021
# 
#    VIA     TOP  BOTTOM
# 
#    TOP  ------   VIA  
# BOTTOM   VIA    ------
# 
# 
# Design Rules --------------------------------------------
# Via Grid 0.0001 with offset 0.0000
# Layer TOP Off  Signal Wire Grid 0.0001 with offset 0.0000, Width= 0.5000, Clearance= 0.1270
# Layer BOTTOM Orth Signal Wire Grid 0.0001 with offset 0.0000, Width= 0.5000, Clearance= 0.1270
# 
# Wiring Statistics ----------------- c:/users/grona/documents/tmacontrol-cclient/hardware/allegro\tmacontrol.dsn
# Nets 9 Connections 19 Unroutes 0
# Signal Layers 2 Power Layers 0
# Wire Junctions 10, at vias 0 Total Vias 2
# Percent Connected  100.00
# Manhattan Length 321.9030 Horizontal 198.2933 Vertical 123.6097
# Routed Length 334.0270 Horizontal 190.6690 Vertical 143.3580
# Ratio Actual / Manhattan   1.0377
# Unconnected Length   0.0000 Horizontal   0.0000 Vertical   0.0000
# Start Route Pass 1 of 25
# Routing 31 wires.
# 4 bend points have been removed.
# 0 bend points have been removed.
# 0 bend points have been removed.
# Total Conflicts: 0 (Cross: 0, Clear: 0, Xtalk: 0, Length: 0, Polygon Clear: 0 )
# Total Unroutes: 0
# Attempts 28 Successes 28 Failures 0 Vias 2
# Cpu Time = 0:00:00  Elapsed Time = 0:00:00
# Command check detected pcb layer rule(s), mcm via rule(s), which require the RouteADV license feature.
# All unlicensed rules are being ignored.
# Command check will ignore pcb layer rule(s), mcm via rule(s)
# End Pass 1 of 25
# 0 bend points have been removed.
# 0 bend points have been removed.
# 0 bend points have been removed.
# Cpu Time = 0:00:00  Elapsed Time = 0:00:00
# 
# Design Rules --------------------------------------------
# Via Grid 0.0001 with offset 0.0000
# Layer TOP Off  Signal Wire Grid 0.0001 with offset 0.0000, Width= 0.5000, Clearance= 0.1270
# Layer BOTTOM Orth Signal Wire Grid 0.0001 with offset 0.0000, Width= 0.5000, Clearance= 0.1270
# Command check detected pcb layer rule(s), mcm via rule(s), which require the RouteADV license feature.
# All unlicensed rules are being ignored.
# Command check will ignore pcb layer rule(s), mcm via rule(s)
# ROUTING HISTORY ================================================================
#     Pass     |   Conflicts |    |     |     |     |    |Red|      CPU Time     |
#   Name   |No.| Cross| Clear|Fail|Unrte| Vias|XTalk|Len.| % |  Pass   |  Total  |
#----------+---+------+------+----+-----+-----+-----+----+---+---------+---------|
# Route    |  1|     0|     0|   0|    0|    2|    0|   0|  0|  0:00:00|  0:00:00|
# Conflicts between polygon wires and fixed objects:   0
# Stub Violations:   0
# Net Order Violations:   0
# Diffpair Uncoupled Length Violations:   0
# Diffpair Phase Tolerance  Violations:   0
# Total layerset violations:   0
# Total layerset violations (exclude Fanout/Stagger/XNet Short side):   0
# Overall Routing Time: 0:00:00
# 
# Wiring Statistics ----------------- c:/users/grona/documents/tmacontrol-cclient/hardware/allegro\tmacontrol.dsn
# Nets 9 Connections 19 Unroutes 0
# Signal Layers 2 Power Layers 0
# Wire Junctions 10, at vias 0 Total Vias 2
# Percent Connected  100.00
# Manhattan Length 321.9030 Horizontal 198.2933 Vertical 123.6097
# Routed Length 334.0270 Horizontal 190.6690 Vertical 143.3580
# Ratio Actual / Manhattan   1.0377
# Unconnected Length   0.0000 Horizontal   0.0000 Vertical   0.0000
clean 2
# Command clean detected pcb layer rule(s), mcm via rule(s), which require the RouteADV license feature.
# All unlicensed rules are being ignored.
# Command clean will ignore pcb layer rule(s), mcm via rule(s)
# Current time = Sun Apr 04 13:04:19 2021
# 
#    VIA     TOP  BOTTOM
# 
#    TOP  ------   VIA  
# BOTTOM   VIA    ------
# 
# 
# Design Rules --------------------------------------------
# Via Grid 0.0001 with offset 0.0000
# Layer TOP Off  Signal Wire Grid 0.0001 with offset 0.0000, Width= 0.5000, Clearance= 0.1270
# Layer BOTTOM Orth Signal Wire Grid 0.0001 with offset 0.0000, Width= 0.5000, Clearance= 0.1270
# 
# Wiring Statistics ----------------- c:/users/grona/documents/tmacontrol-cclient/hardware/allegro\tmacontrol.dsn
# Nets 9 Connections 19 Unroutes 0
# Signal Layers 2 Power Layers 0
# Wire Junctions 10, at vias 0 Total Vias 2
# Percent Connected  100.00
# Manhattan Length 321.9030 Horizontal 198.2933 Vertical 123.6097
# Routed Length 334.0270 Horizontal 190.6690 Vertical 143.3580
# Ratio Actual / Manhattan   1.0377
# Unconnected Length   0.0000 Horizontal   0.0000 Vertical   0.0000
# Start Clean Pass 1 of 2
# Routing 31 wires.
# Command check detected pcb layer rule(s), mcm via rule(s), which require the RouteADV license feature.
# All unlicensed rules are being ignored.
# Command check will ignore pcb layer rule(s), mcm via rule(s)
# Total Conflicts: 0 (Cross: 0, Clear: 0, Xtalk: 0, Length: 0, Polygon Clear: 0 )
# Total Unroutes: 0
# Attempts 28 Successes 28 Failures 0 Vias 2
# Cpu Time = 0:00:00  Elapsed Time = 0:00:00
# Command check detected pcb layer rule(s), mcm via rule(s), which require the RouteADV license feature.
# All unlicensed rules are being ignored.
# Command check will ignore pcb layer rule(s), mcm via rule(s)
# End Pass 1 of 2
# Start Clean Pass 2 of 2
# Routing 31 wires.
# Command check detected pcb layer rule(s), mcm via rule(s), which require the RouteADV license feature.
# All unlicensed rules are being ignored.
# Command check will ignore pcb layer rule(s), mcm via rule(s)
# 0 bend points have been removed.
# 0 bend points have been removed.
# 0 bend points have been removed.
# Total Conflicts: 0 (Cross: 0, Clear: 0, Xtalk: 0, Length: 0, Polygon Clear: 0 )
# Total Unroutes: 0
# Attempts 28 Successes 28 Failures 0 Vias 2
# Cpu Time = 0:00:00  Elapsed Time = 0:00:00
# Command check detected pcb layer rule(s), mcm via rule(s), which require the RouteADV license feature.
# All unlicensed rules are being ignored.
# Command check will ignore pcb layer rule(s), mcm via rule(s)
# End Pass 2 of 2
# Cpu Time = 0:00:00  Elapsed Time = 0:00:00
# 
# Design Rules --------------------------------------------
# Via Grid 0.0001 with offset 0.0000
# Layer TOP Off  Signal Wire Grid 0.0001 with offset 0.0000, Width= 0.5000, Clearance= 0.1270
# Layer BOTTOM Orth Signal Wire Grid 0.0001 with offset 0.0000, Width= 0.5000, Clearance= 0.1270
# Command check detected pcb layer rule(s), mcm via rule(s), which require the RouteADV license feature.
# All unlicensed rules are being ignored.
# Command check will ignore pcb layer rule(s), mcm via rule(s)
# ROUTING HISTORY ================================================================
#     Pass     |   Conflicts |    |     |     |     |    |Red|      CPU Time     |
#   Name   |No.| Cross| Clear|Fail|Unrte| Vias|XTalk|Len.| % |  Pass   |  Total  |
#----------+---+------+------+----+-----+-----+-----+----+---+---------+---------|
# Route    |  1|     0|     0|   0|    0|    2|    0|   0|  0|  0:00:00|  0:00:00|
# Clean    |  2|     0|     0|   0|    0|    2|    0|   0|   |  0:00:00|  0:00:00|
# Clean    |  3|     0|     0|   0|    0|    2|    0|   0|   |  0:00:00|  0:00:00|
# Conflicts between polygon wires and fixed objects:   0
# Stub Violations:   0
# Net Order Violations:   0
# Diffpair Uncoupled Length Violations:   0
# Diffpair Phase Tolerance  Violations:   0
# Total layerset violations:   0
# Total layerset violations (exclude Fanout/Stagger/XNet Short side):   0
# Overall Routing Time: 0:00:00
# 
# Wiring Statistics ----------------- c:/users/grona/documents/tmacontrol-cclient/hardware/allegro\tmacontrol.dsn
# Nets 9 Connections 19 Unroutes 0
# Signal Layers 2 Power Layers 0
# Wire Junctions 10, at vias 0 Total Vias 2
# Percent Connected  100.00
# Manhattan Length 321.9030 Horizontal 198.2933 Vertical 123.6097
# Routed Length 334.0270 Horizontal 190.6690 Vertical 143.3580
# Ratio Actual / Manhattan   1.0377
# Unconnected Length   0.0000 Horizontal   0.0000 Vertical   0.0000
write routes (changed_only) (reset_changed) C:/Users/grona/AppData/Local/Temp/#Taaaaby05688.tmp
# Routing Written to File C:/Users/grona/AppData/Local/Temp/#Taaaaby05688.tmp
quit
